SF:src/CustomLossFunction.jl
DA:16,114
DA:17,301712514
DA:35,105
DA:36,105
DA:37,201141705
DA:58,108
DA:60,201141708
DA:84,102
DA:85,402283404
DA:86,201141702
DA:141,20
DA:142,18453620
DA:154,37814
DA:162,1
DA:163,1
DA:166,12
DA:167,12
DA:168,12
DA:205,4
DA:206,4
DA:207,4
DA:208,4
DA:209,4
DA:210,8000
DA:211,96000
DA:212,8008000
DA:213,16000000
DA:214,24000000
DA:215,24000000
DA:216,23992000
DA:217,24000
DA:219,8000
DA:220,8000
DA:221,0
DA:222,4
DA:253,1011
DA:254,1014
DA:255,10129062
DA:264,1015
DA:265,1015
DA:268,1002
DA:269,1002
DA:270,2004
DA:271,1010
DA:272,934
DA:273,934
DA:275,76
DA:276,1002
DA:295,1
DA:296,1
DA:298,1
DA:299,1
DA:300,1
DA:301,1
DA:302,1
DA:303,1000
DA:304,1000
DA:305,8
DA:306,8
DA:308,1000
DA:309,2000
DA:310,2001000
DA:311,3000000
DA:312,3000000
DA:313,3000000
DA:314,2999000
DA:315,3000
DA:317,1000
DA:318,1000
DA:319,0
DA:320,1
DA:341,14
DA:342,7
DA:391,1
DA:392,1
DA:393,1
DA:394,1
DA:395,1
DA:396,199
DA:397,199
DA:398,199
DA:399,398
DA:400,199199
DA:401,597000
DA:402,398000
DA:403,597000
DA:404,597000
DA:405,398000
DA:406,597
DA:408,199
DA:409,199
DA:410,199
DA:411,199
DA:412,0
DA:413,1
DA:441,4
DA:442,4
DA:443,4
DA:444,4
DA:445,4
DA:446,4
DA:447,4
DA:448,4
DA:449,4
DA:450,8
DA:451,4004
DA:452,8000
DA:453,12000
DA:454,12000
DA:455,8000
DA:456,12
DA:458,0
DA:459,0
DA:460,0
DA:461,0
DA:462,0
DA:463,0
DA:505,200
DA:506,200
DA:507,200
DA:508,200
DA:509,200
DA:510,200
DA:511,3400
DA:512,6800
DA:513,6800
DA:514,10200
DA:515,6800
DA:516,10200
DA:517,51000
DA:518,47600
DA:519,47600
DA:520,10200
DA:521,10200
DA:523,3400
DA:524,3400
DA:525,3400
DA:526,0
DA:527,200
LH:129
LF:139
end_of_record
SF:src/ISL.jl
DA:25,2
LH:1
LF:1
end_of_record
