SF:src/CustomLossFunction.jl
DA:16,114
DA:17,295533114
DA:39,105
DA:40,105
DA:41,197022105
DA:62,108
DA:64,197022108
DA:88,102
DA:89,394044204
DA:90,197022102
DA:143,20
DA:144,18000020
DA:147,0
DA:148,0
DA:156,27001
DA:160,0
DA:163,1
DA:164,1
DA:167,8
DA:168,8
DA:169,8
DA:172,0
DA:173,0
DA:174,0
DA:206,4
DA:207,4
DA:208,4
DA:209,4
DA:210,4
DA:211,8000
DA:212,96000
DA:213,8008000
DA:214,16000000
DA:215,24000000
DA:216,24000000
DA:217,23992000
DA:218,24000
DA:220,8000
DA:221,8000
DA:222,0
DA:223,4
DA:275,1009
DA:276,1010
DA:277,10564018
DA:282,0
DA:283,0
DA:284,0
DA:286,1013
DA:287,1013
DA:290,1000
DA:291,1000
DA:292,2000
DA:293,1008
DA:294,902
DA:295,902
DA:297,106
DA:298,1000
DA:317,1
DA:318,1
DA:320,1
DA:321,1
DA:322,1
DA:323,1
DA:324,1
DA:325,1000
DA:326,1000
DA:327,7
DA:328,7
DA:330,1000
DA:331,2000
DA:332,2001000
DA:333,3000000
DA:334,3000000
DA:335,3000000
DA:336,2999000
DA:337,3000
DA:339,1000
DA:340,1000
DA:341,0
DA:342,1
DA:481,0
DA:482,0
DA:483,0
DA:484,0
DA:485,0
DA:486,0
DA:487,0
DA:488,0
DA:489,0
DA:490,0
DA:491,0
DA:492,0
DA:493,0
DA:494,0
DA:495,0
DA:496,0
DA:498,0
DA:499,0
DA:500,0
DA:501,0
DA:502,0
DA:503,0
DA:531,0
DA:532,0
DA:533,0
DA:534,0
DA:535,0
DA:536,0
DA:537,0
DA:538,0
DA:539,0
DA:540,0
DA:541,0
DA:542,0
DA:543,0
DA:544,0
DA:545,0
DA:546,0
DA:548,0
DA:549,0
DA:550,0
DA:551,0
DA:552,0
DA:553,0
DA:595,0
DA:596,0
DA:597,0
DA:598,0
DA:599,0
DA:600,0
DA:601,0
DA:602,0
DA:603,0
DA:604,0
DA:605,0
DA:606,0
DA:607,0
DA:608,0
DA:609,0
DA:610,0
DA:611,0
DA:613,0
DA:614,0
DA:615,0
DA:616,0
DA:617,0
LH:69
LF:146
end_of_record
SF:src/ISL.jl
DA:2,1
LH:1
LF:1
end_of_record
